<?xml version="1.0" encoding="UTF-8"?>
<testsuite name="com.example.securityFlywayTest.SecurityFlywayTestApplicationTests" tests="1" skipped="0" failures="0" errors="0" timestamp="2025-03-15T06:35:13.563Z" hostname="MacBookAir" time="0.428">
  <properties/>
  <testcase name="contextLoads()" classname="com.example.securityFlywayTest.SecurityFlywayTestApplicationTests" time="0.428"/>
  <system-out><![CDATA[15:35:12.282 [Test worker] INFO org.springframework.test.context.support.AnnotationConfigContextLoaderUtils -- Could not detect default configuration classes for test class [com.example.securityFlywayTest.SecurityFlywayTestApplicationTests]: SecurityFlywayTestApplicationTests does not declare any static, non-private, non-final, nested classes annotated with @Configuration.
15:35:12.331 [Test worker] INFO org.springframework.boot.test.context.SpringBootTestContextBootstrapper -- Found @SpringBootConfiguration com.example.securityFlywayTest.SecurityFlywayTestApplication for test class com.example.securityFlywayTest.SecurityFlywayTestApplicationTests

  .   ____          _            __ _ _
 /\\ / ___'_ __ _ _(_)_ __  __ _ \ \ \ \
( ( )\___ | '_ | '_| | '_ \/ _` | \ \ \ \
 \\/  ___)| |_)| | | | | || (_| |  ) ) ) )
  '  |____| .__|_| |_|_| |_\__, | / / / /
 =========|_|==============|___/=/_/_/_/

 :: Spring Boot ::                (v3.4.3)

2025-03-15T15:35:12.500+09:00  INFO 6197 --- [securityFlywayTest] [    Test worker] c.e.s.SecurityFlywayTestApplicationTests : Starting SecurityFlywayTestApplicationTests using Java 23.0.2 with PID 6197 (started by horinoakiko in /Users/horinoakiko/Documents/Javapj/securityFlywayTest)
2025-03-15T15:35:12.500+09:00  INFO 6197 --- [securityFlywayTest] [    Test worker] c.e.s.SecurityFlywayTestApplicationTests : No active profile set, falling back to 1 default profile: "default"
2025-03-15T15:35:12.749+09:00  INFO 6197 --- [securityFlywayTest] [    Test worker] .s.d.r.c.RepositoryConfigurationDelegate : Bootstrapping Spring Data JDBC repositories in DEFAULT mode.
2025-03-15T15:35:12.758+09:00  INFO 6197 --- [securityFlywayTest] [    Test worker] .s.d.r.c.RepositoryConfigurationDelegate : Finished Spring Data repository scanning in 5 ms. Found 0 JDBC repository interfaces.
2025-03-15T15:35:13.169+09:00  INFO 6197 --- [securityFlywayTest] [    Test worker] com.zaxxer.hikari.HikariDataSource       : HikariPool-1 - Starting...
2025-03-15T15:35:13.282+09:00  INFO 6197 --- [securityFlywayTest] [    Test worker] com.zaxxer.hikari.pool.HikariPool        : HikariPool-1 - Added connection org.postgresql.jdbc.PgConnection@46b5f061
2025-03-15T15:35:13.283+09:00  INFO 6197 --- [securityFlywayTest] [    Test worker] com.zaxxer.hikari.HikariDataSource       : HikariPool-1 - Start completed.
2025-03-15T15:35:13.297+09:00  INFO 6197 --- [securityFlywayTest] [    Test worker] org.flywaydb.core.FlywayExecutor         : Database: jdbc:postgresql://localhost:5432/flywayTest (PostgreSQL 17.4)
2025-03-15T15:35:13.331+09:00  INFO 6197 --- [securityFlywayTest] [    Test worker] o.f.core.internal.command.DbValidate     : Successfully validated 1 migration (execution time 00:00.015s)
2025-03-15T15:35:13.384+09:00  INFO 6197 --- [securityFlywayTest] [    Test worker] o.f.core.internal.command.DbMigrate      : Current version of schema "public": 1.02
2025-03-15T15:35:13.387+09:00  INFO 6197 --- [securityFlywayTest] [    Test worker] o.f.core.internal.command.DbMigrate      : Schema "public" is up to date. No migration necessary.
2025-03-15T15:35:13.485+09:00  WARN 6197 --- [securityFlywayTest] [    Test worker] .s.s.UserDetailsServiceAutoConfiguration : 

Using generated security password: 080fc8ef-f156-4732-bc37-3f0ee5076694

This generated password is for development use only. Your security configuration must be updated before running your application in production.

2025-03-15T15:35:13.490+09:00  INFO 6197 --- [securityFlywayTest] [    Test worker] r$InitializeUserDetailsManagerConfigurer : Global AuthenticationManager configured with UserDetailsService bean with name inMemoryUserDetailsManager
2025-03-15T15:35:13.556+09:00  INFO 6197 --- [securityFlywayTest] [    Test worker] c.e.s.SecurityFlywayTestApplicationTests : Started SecurityFlywayTestApplicationTests in 1.17 seconds (process running for 1.699)
]]></system-out>
  <system-err><![CDATA[Mockito is currently self-attaching to enable the inline-mock-maker. This will no longer work in future releases of the JDK. Please add Mockito as an agent to your build what is described in Mockito's documentation: https://javadoc.io/doc/org.mockito/mockito-core/latest/org/mockito/Mockito.html#0.3
WARNING: A Java agent has been loaded dynamically (/Users/horinoakiko/.gradle/caches/modules-2/files-2.1/net.bytebuddy/byte-buddy-agent/1.15.11/a38b16385e867f59a641330f0362ebe742788ed8/byte-buddy-agent-1.15.11.jar)
WARNING: If a serviceability tool is in use, please run with -XX:+EnableDynamicAgentLoading to hide this warning
WARNING: If a serviceability tool is not in use, please run with -Djdk.instrument.traceUsage for more information
WARNING: Dynamic loading of agents will be disallowed by default in a future release
]]></system-err>
</testsuite>
